Arguments: 
  C:\Program Files\nodejs\node.exe C:\Users\Lovevick\AppData\Roaming\npm\node_modules\yarn\bin\yarn.js add express axios --save

PATH: 
  C:\Windows\system32;C:\Windows;C:\Windows\System32\Wbem;C:\Windows\System32\WindowsPowerShell\v1.0\;C:\Windows\System32\OpenSSH\;D:\Program Files\Git\cmd;C:\Program Files\nodejs\;%PYTHON%;C:\Users\Lovevick\AppData\Local\Programs\Python\Python39\Scripts\;C:\Users\Lovevick\AppData\Local\Programs\Python\Python39\;C:\Program Files\MySQL\MySQL Shell 8.0\bin\;C:\Users\Lovevick\AppData\Local\Microsoft\WindowsApps;D:\Program Files\Microsoft VS Code\bin;C:\Users\Lovevick\AppData\Roaming\npm;D:\Project Files\heroku\bin

Yarn version: 
  1.22.10

Node version: 
  16.0.0

Platform: 
  win32 x64

Trace: 
  Error: getaddrinfo ENOTFOUND registry.yarnpkg.com
      at GetAddrInfoReqWrap.onlookup [as oncomplete] (node:dns:69:26)

npm manifest: 
  {
    "name": "frontend",
    "version": "1.0.0",
    "description": "",
    "main": "index.js",
    "scripts": {
      "test": "echo \"Error: no test specified\" && exit 1"
    },
    "keywords": [],
    "author": "",
    "license": "ISC"
  }

yarn manifest: 
  No manifest

Lockfile: 
  No lockfile
